# JRE version: Java(TM) SE Runtime Environment (8.0_40-b27) (build 1.8.0_40-b27)
# Java VM: Java HotSpot(TM) 64-Bit Server VM (25.40-b25 mixed mode bsd-amd64 compressed oops)
Heap:
 PSYoungGen      total 24064K, used 8786K [0x0000000795580000, 0x0000000798280000, 0x00000007c0000000)
  eden space 22528K, 32% used [0x0000000795580000,0x0000000795cacd30,0x0000000796b80000)
  from space 1536K, 93% used [0x0000000796b80000,0x0000000796ce7d30,0x0000000796d00000)
  to   space 11776K, 0% used [0x0000000797700000,0x0000000797700000,0x0000000798280000)
 ParOldGen       total 87552K, used 41428K [0x0000000740000000, 0x0000000745580000, 0x0000000795580000)
  object space 87552K, 47% used [0x0000000740000000,0x0000000742875118,0x0000000745580000)
 Metaspace       used 15507K, capacity 15714K, committed 16000K, reserved 1062912K
  class space    used 1970K, capacity 2054K, committed 2176K, reserved 1048576K
GC Heap History (10 events):
Event: 38.616 GC heap before
{Heap before GC invocations=18 (full 1):
 PSYoungGen      total 35328K, used 23523K [0x0000000795580000, 0x0000000798500000, 0x00000007c0000000)
  eden space 23040K, 97% used [0x0000000795580000,0x0000000796b78800,0x0000000796c00000)
  from space 12288K, 8% used [0x0000000797900000,0x0000000797a006e0,0x0000000798500000)
  to   space 12800K, 0% used [0x0000000796c00000,0x0000000796c00000,0x0000000797880000)
 ParOldGen       total 87552K, used 35793K [0x0000000740000000, 0x0000000745580000, 0x0000000795580000)
  object space 87552K, 40% used [0x0000000740000000,0x00000007422f4798,0x0000000745580000)
 Metaspace       used 15404K, capacity 15650K, committed 16000K, reserved 1062912K
  class space    used 1955K, capacity 2054K, committed 2176K, reserved 1048576K
Event: 38.617 GC heap after
Heap after GC invocations=18 (full 1):
 PSYoungGen      total 35840K, used 1025K [0x0000000795580000, 0x0000000798500000, 0x00000007c0000000)
  eden space 23040K, 0% used [0x0000000795580000,0x0000000795580000,0x0000000796c00000)
  from space 12800K, 8% used [0x0000000796c00000,0x0000000796d006e0,0x0000000797880000)
  to   space 12800K, 0% used [0x0000000797880000,0x0000000797880000,0x0000000798500000)
 ParOldGen       total 87552K, used 35817K [0x0000000740000000, 0x0000000745580000, 0x0000000795580000)
  object space 87552K, 40% used [0x0000000740000000,0x00000007422fa798,0x0000000745580000)
 Metaspace       used 15404K, capacity 15650K, committed 16000K, reserved 1062912K
  class space    used 1955K, capacity 2054K, committed 2176K, reserved 1048576K
}
Event: 39.509 GC heap before
{Heap before GC invocations=19 (full 1):
 PSYoungGen      total 35840K, used 24065K [0x0000000795580000, 0x0000000798500000, 0x00000007c0000000)
  eden space 23040K, 100% used [0x0000000795580000,0x0000000796c00000,0x0000000796c00000)
  from space 12800K, 8% used [0x0000000796c00000,0x0000000796d006e0,0x0000000797880000)
  to   space 12800K, 0% used [0x0000000797880000,0x0000000797880000,0x0000000798500000)
 ParOldGen       total 87552K, used 35817K [0x0000000740000000, 0x0000000745580000, 0x0000000795580000)
  object space 87552K, 40% used [0x0000000740000000,0x00000007422fa798,0x0000000745580000)
 Metaspace       used 15413K, capacity 15650K, committed 16000K, reserved 1062912K
  class space    used 1955K, capacity 2054K, committed 2176K, reserved 1048576K
Event: 39.510 GC heap after
Heap after GC invocations=19 (full 1):
 PSYoungGen      total 34816K, used 1089K [0x0000000795580000, 0x0000000798400000, 0x00000007c0000000)
  eden space 23040K, 0% used [0x0000000795580000,0x0000000795580000,0x0000000796c00000)
  from space 11776K, 9% used [0x0000000797880000,0x00000007979906e0,0x0000000798400000)
  to   space 12288K, 0% used [0x0000000796c00000,0x0000000796c00000,0x0000000797800000)
 ParOldGen       total 87552K, used 35825K [0x0000000740000000, 0x0000000745580000, 0x0000000795580000)
  object space 87552K, 40% used [0x0000000740000000,0x00000007422fc798,0x0000000745580000)
 Metaspace       used 15413K, capacity 15650K, committed 16000K, reserved 1062912K
  class space    used 1955K, capacity 2054K, committed 2176K, reserved 1048576K
}
Event: 42.512 GC heap before
{Heap before GC invocations=20 (full 1):
 PSYoungGen      total 34816K, used 24129K [0x0000000795580000, 0x0000000798400000, 0x00000007c0000000)
  eden space 23040K, 100% used [0x0000000795580000,0x0000000796c00000,0x0000000796c00000)
  from space 11776K, 9% used [0x0000000797880000,0x00000007979906e0,0x0000000798400000)
  to   space 12288K, 0% used [0x0000000796c00000,0x0000000796c00000,0x0000000797800000)
 ParOldGen       total 87552K, used 35825K [0x0000000740000000, 0x0000000745580000, 0x0000000795580000)
  object space 87552K, 40% used [0x0000000740000000,0x00000007422fc798,0x0000000745580000)
 Metaspace       used 15506K, capacity 15714K, committed 16000K, reserved 1062912K
  class space    used 1969K, capacity 2054K, committed 2176K, reserved 1048576K
Event: 42.513 GC heap after
Heap after GC invocations=20 (full 1):
 PSYoungGen      total 24064K, used 865K [0x0000000795580000, 0x0000000798300000, 0x00000007c0000000)
  eden space 23040K, 0% used [0x0000000795580000,0x0000000795580000,0x0000000796c00000)
  from space 1024K, 84% used [0x0000000796c00000,0x0000000796cd86e0,0x0000000796d00000)
  to   space 11776K, 0% used [0x0000000797780000,0x0000000797780000,0x0000000798300000)
 ParOldGen       total 87552K, used 35849K [0x0000000740000000, 0x0000000745580000, 0x0000000795580000)
  object space 87552K, 40% used [0x0000000740000000,0x0000000742302798,0x0000000745580000)
 Metaspace       used 15506K, capacity 15714K, committed 16000K, reserved 1062912K
  class space    used 1969K, capacity 2054K, committed 2176K, reserved 1048576K
}
Event: 42.760 GC heap before
{Heap before GC invocations=21 (full 1):
 PSYoungGen      total 24064K, used 23723K [0x0000000795580000, 0x0000000798300000, 0x00000007c0000000)
  eden space 23040K, 99% used [0x0000000795580000,0x0000000796bd28a0,0x0000000796c00000)
  from space 1024K, 84% used [0x0000000796c00000,0x0000000796cd86e0,0x0000000796d00000)
  to   space 11776K, 0% used [0x0000000797780000,0x0000000797780000,0x0000000798300000)
 ParOldGen       total 87552K, used 35849K [0x0000000740000000, 0x0000000745580000, 0x0000000795580000)
  object space 87552K, 40% used [0x0000000740000000,0x0000000742302798,0x0000000745580000)
 Metaspace       used 15506K, capacity 15714K, committed 16000K, reserved 1062912K
  class space    used 1969K, capacity 2054K, committed 2176K, reserved 1048576K
Event: 42.762 GC heap after
Heap after GC invocations=21 (full 1):
 PSYoungGen      total 34304K, used 6881K [0x0000000795580000, 0x0000000798400000, 0x00000007c0000000)
  eden space 22528K, 0% used [0x0000000795580000,0x0000000795580000,0x0000000796b80000)
  from space 11776K, 58% used [0x0000000797780000,0x0000000797e386b0,0x0000000798300000)
  to   space 12288K, 0% used [0x0000000796b80000,0x0000000796b80000,0x0000000797780000)
 ParOldGen       total 87552K, used 35897K [0x0000000740000000, 0x0000000745580000, 0x0000000795580000)
  object space 87552K, 41% used [0x0000000740000000,0x000000074230e798,0x0000000745580000)
 Metaspace       used 15506K, capacity 15714K, committed 16000K, reserved 1062912K
  class space    used 1969K, capacity 2054K, committed 2176K, reserved 1048576K
}
Event: 42.962 GC heap before
{Heap before GC invocations=22 (full 1):
 PSYoungGen      total 34304K, used 27985K [0x0000000795580000, 0x0000000798400000, 0x00000007c0000000)
  eden space 22528K, 93% used [0x0000000795580000,0x0000000796a1bee8,0x0000000796b80000)
  from space 11776K, 58% used [0x0000000797780000,0x0000000797e386b0,0x0000000798300000)
  to   space 12288K, 0% used [0x0000000796b80000,0x0000000796b80000,0x0000000797780000)
 ParOldGen       total 87552K, used 35897K [0x0000000740000000, 0x0000000745580000, 0x0000000795580000)
  object space 87552K, 41% used [0x0000000740000000,0x000000074230e798,0x0000000745580000)
 Metaspace       used 15506K, capacity 15714K, committed 16000K, reserved 1062912K
  class space    used 1969K, capacity 2054K, committed 2176K, reserved 1048576K
Event: 42.965 GC heap after
Heap after GC invocations=22 (full 1):
 PSYoungGen      total 24064K, used 1439K [0x0000000795580000, 0x0000000798280000, 0x00000007c0000000)
  eden space 22528K, 0% used [0x0000000795580000,0x0000000795580000,0x0000000796b80000)
  from space 1536K, 93% used [0x0000000796b80000,0x0000000796ce7d30,0x0000000796d00000)
  to   space 11776K, 0% used [0x0000000797700000,0x0000000797700000,0x0000000798280000)
 ParOldGen       total 87552K, used 41428K [0x0000000740000000, 0x0000000745580000, 0x0000000795580000)
  object space 87552K, 47% used [0x0000000740000000,0x0000000742875118,0x0000000745580000)
 Metaspace       used 15506K, capacity 15714K, committed 16000K, reserved 1062912K
  class space    used 1969K, capacity 2054K, committed 2176K, reserved 1048576K
}

